[2025-12-09 15:04:08.821] [4626] [HailoRT] [info] [vdevice.cpp:523] [create] Creating vdevice with params: device_count: 1, scheduling_algorithm: ROUND_ROBIN, multi_process_service: false
[2025-12-09 15:04:08.840] [4626] [HailoRT] [error] [driver_os_specific.cpp:34] [open_device_file] CHECK failed - Failed to open device file /dev/hailo0 with error 6
[2025-12-09 15:04:08.843] [4626] [HailoRT] [error] [hailort_driver.cpp:176] [create] CHECK_SUCCESS failed with status=HAILO_DRIVER_OPERATION_FAILED(36)
[2025-12-09 15:04:08.843] [4626] [HailoRT] [error] [pcie_device.cpp:91] [create] CHECK_SUCCESS failed with status=HAILO_DRIVER_OPERATION_FAILED(36)
[2025-12-09 15:04:08.844] [4626] [HailoRT] [error] [device.cpp:128] [create_pcie] CHECK_SUCCESS failed with status=HAILO_DRIVER_OPERATION_FAILED(36)
[2025-12-09 15:04:08.844] [4626] [HailoRT] [error] [vdevice.cpp:794] [create_devices] CHECK_SUCCESS failed with status=HAILO_DRIVER_OPERATION_FAILED(36)
[2025-12-09 15:04:08.844] [4626] [HailoRT] [error] [vdevice.cpp:631] [create] CHECK_SUCCESS failed with status=HAILO_DRIVER_OPERATION_FAILED(36)
[2025-12-09 15:04:08.844] [4626] [HailoRT] [error] [shared_resource_manager.hpp:81] [register_resource] CHECK_SUCCESS failed with status=HAILO_DRIVER_OPERATION_FAILED(36)
[2025-12-09 15:04:08.844] [4626] [HailoRT] [error] [vdevice.cpp:132] [create] CHECK_SUCCESS failed with status=HAILO_DRIVER_OPERATION_FAILED(36)
[2025-12-09 15:04:08.844] [4626] [HailoRT] [error] [vdevice.cpp:554] [create] CHECK_SUCCESS failed with status=HAILO_DRIVER_OPERATION_FAILED(36)
[2025-12-09 15:10:12.846] [2393] [HailoRT] [info] [vdevice.cpp:523] [create] Creating vdevice with params: device_count: 1, scheduling_algorithm: ROUND_ROBIN, multi_process_service: false
[2025-12-09 15:10:12.866] [2393] [HailoRT] [info] [device.cpp:49] [Device] OS Version: Linux 6.12.47+rpt-rpi-2712 #1 SMP PREEMPT Debian 1:6.12.47-1+rpt1~bookworm (2025-09-16) aarch64
[2025-12-09 15:10:12.867] [2393] [HailoRT] [info] [control.cpp:108] [control__parse_identify_results] firmware_version is: 4.20.0
[2025-12-09 15:10:12.869] [2393] [HailoRT] [info] [vdevice.cpp:651] [create] VDevice Infos: 0001:01:00.0
[2025-12-09 15:10:13.338] [2393] [HailoRT] [info] [hef.cpp:1929] [get_network_group_and_network_name] No name was given. Addressing all networks of default network_group: yolov8m
[2025-12-09 15:10:13.338] [2393] [HailoRT] [info] [hef.cpp:1929] [get_network_group_and_network_name] No name was given. Addressing all networks of default network_group: yolov8m
[2025-12-10 16:03:47.334] [7877] [HailoRT] [info] [vdevice.cpp:523] [create] Creating vdevice with params: device_count: 1, scheduling_algorithm: ROUND_ROBIN, multi_process_service: false
[2025-12-10 16:03:47.347] [7877] [HailoRT] [info] [device.cpp:49] [Device] OS Version: Linux 6.12.47+rpt-rpi-2712 #1 SMP PREEMPT Debian 1:6.12.47-1+rpt1~bookworm (2025-09-16) aarch64
[2025-12-10 16:03:47.348] [7877] [HailoRT] [info] [control.cpp:108] [control__parse_identify_results] firmware_version is: 4.20.0
[2025-12-10 16:03:47.348] [7877] [HailoRT] [info] [vdevice.cpp:651] [create] VDevice Infos: 0001:01:00.0
[2025-12-10 16:03:47.457] [7877] [HailoRT] [info] [hef.cpp:1929] [get_network_group_and_network_name] No name was given. Addressing all networks of default network_group: yolov8m
[2025-12-10 16:03:47.457] [7877] [HailoRT] [info] [hef.cpp:1929] [get_network_group_and_network_name] No name was given. Addressing all networks of default network_group: yolov8m
[2025-12-10 16:03:47.575] [7877] [HailoRT] [info] [internal_buffer_manager.cpp:204] [print_execution_results] Planned internal buffer memory: CMA memory 0, user memory 3537408. memory to edge layer usage factor is 1
[2025-12-10 16:03:47.575] [7877] [HailoRT] [info] [internal_buffer_manager.cpp:212] [print_execution_results] Default Internal buffer planner executed successfully
[2025-12-10 16:03:47.616] [7877] [HailoRT] [info] [device_internal.cpp:57] [configure] Configuring HEF took 48.667082 milliseconds
[2025-12-10 16:03:47.616] [7877] [HailoRT] [info] [vdevice.cpp:749] [configure] Configuring HEF on VDevice took 48.963322 milliseconds
[2025-12-10 16:03:47.616] [7877] [HailoRT] [info] [infer_model.cpp:436] [configure] Configuring network group 'yolov8m' with params: batch size: 1, power mode: PERFORMANCE, latency: NONE
[2025-12-10 16:03:47.616] [7877] [HailoRT] [info] [multi_io_elements.cpp:756] [create] Created (AsyncHwEl)
[2025-12-10 16:03:47.616] [7877] [HailoRT] [info] [queue_elements.cpp:450] [create] Created (EntryPushQEl0yolov8m/input_layer1 | timeout: 10s)
[2025-12-10 16:03:47.616] [7877] [HailoRT] [info] [filter_elements.cpp:101] [create] Created (PreInferEl1yolov8m/input_layer1 | Reorder - src_order: RGB4, src_shape: (640, 640, 3), dst_order: NHCW, dst_shape: (640, 640, 3))
[2025-12-10 16:03:47.616] [7877] [HailoRT] [info] [queue_elements.cpp:450] [create] Created (PushQEl1yolov8m/input_layer1 | timeout: 10s)
[2025-12-10 16:03:47.616] [7877] [HailoRT] [info] [multi_io_elements.cpp:135] [create] Created (NmsPPMuxEl0YOLOV8-Post-Process | Op YOLOV8, Name: YOLOV8-Post-Process, Score threshold: 0.200, IoU threshold: 0.70, Classes: 80, Cross classes: false, NMS results order: BY_CLASS, Max bboxes per class: 100, Image height: 640, Image width: 640)
[2025-12-10 16:03:47.617] [7877] [HailoRT] [info] [queue_elements.cpp:942] [create] Created (MultiPushQEl0YOLOV8-Post-Process | timeout: 10s)
[2025-12-10 16:03:47.617] [7877] [HailoRT] [info] [edge_elements.cpp:187] [create] Created (LastAsyncEl0NmsPPMuxEl0YOLOV8-Post-Process)
[2025-12-10 16:03:47.617] [7877] [HailoRT] [info] [pipeline.cpp:891] [print_deep_description] EntryPushQEl0yolov8m/input_layer1 | inputs: user | outputs: PreInferEl1yolov8m/input_layer1(running in thread_id: 7900)
[2025-12-10 16:03:47.617] [7877] [HailoRT] [info] [pipeline.cpp:891] [print_deep_description] PreInferEl1yolov8m/input_layer1 | inputs: EntryPushQEl0yolov8m/input_layer1[0] | outputs: PushQEl1yolov8m/input_layer1
[2025-12-10 16:03:47.617] [7877] [HailoRT] [info] [pipeline.cpp:891] [print_deep_description] PushQEl1yolov8m/input_layer1 | inputs: PreInferEl1yolov8m/input_layer1[0] | outputs: AsyncHwEl(running in thread_id: 7901)
[2025-12-10 16:03:47.617] [7877] [HailoRT] [info] [pipeline.cpp:891] [print_deep_description] AsyncHwEl | inputs: PushQEl1yolov8m/input_layer1[0] | outputs: MultiPushQEl0YOLOV8-Post-Process MultiPushQEl0YOLOV8-Post-Process MultiPushQEl0YOLOV8-Post-Process MultiPushQEl0YOLOV8-Post-Process MultiPushQEl0YOLOV8-Post-Process MultiPushQEl0YOLOV8-Post-Process
[2025-12-10 16:03:47.617] [7877] [HailoRT] [info] [pipeline.cpp:891] [print_deep_description] MultiPushQEl0YOLOV8-Post-Process | inputs: AsyncHwEl[0] AsyncHwEl[1] AsyncHwEl[2] AsyncHwEl[3] AsyncHwEl[4] AsyncHwEl[5] | outputs: NmsPPMuxEl0YOLOV8-Post-Process(running in thread_id: 7902)
[2025-12-10 16:03:47.617] [7877] [HailoRT] [info] [pipeline.cpp:891] [print_deep_description] NmsPPMuxEl0YOLOV8-Post-Process | inputs: MultiPushQEl0YOLOV8-Post-Process[0] | outputs: LastAsyncEl0NmsPPMuxEl0YOLOV8-Post-Process
[2025-12-10 16:03:47.617] [7877] [HailoRT] [info] [pipeline.cpp:891] [print_deep_description] LastAsyncEl0NmsPPMuxEl0YOLOV8-Post-Process | inputs: NmsPPMuxEl0YOLOV8-Post-Process[0] | outputs: user
[2025-12-10 16:03:47.731] [7895] [HailoRT] [info] [hef.cpp:1929] [get_network_group_and_network_name] No name was given. Addressing all networks of default network_group: yolov8m
